#
# There is insufficient memory for the Java Runtime Environment to continue.
# Native memory allocation (mmap) failed to map 134217728 bytes for Failed to commit area from 0x0000000081c00000 to 0x0000000089c00000 of length 134217728.
# Possible reasons:
#   The system is out of physical RAM or swap space
#   The process is running with CompressedOops enabled, and the Java Heap may be blocking the growth of the native heap
# Possible solutions:
#   Reduce memory load on the system
#   Increase physical memory or swap space
#   Check if swap backing store is full
#   Decrease Java heap size (-Xmx/-Xms)
#   Decrease number of Java threads
#   Decrease Java thread stack sizes (-Xss)
#   Set larger code cache with -XX:ReservedCodeCacheSize=
# This output file may be truncated or incomplete.
#
#  Out of Memory Error (t:/workspace/open/src/hotspot/os/windows/os_windows.cpp:3301), pid=7488, tid=10604
#
# JRE version:  (13.0.2+8) (build )
# Java VM: Java HotSpot(TM) 64-Bit Server VM (13.0.2+8, mixed mode, aot, sharing, tiered, compressed oops, g1 gc, windows-amd64)
# No core dump will be written. Minidumps are not enabled by default on client versions of Windows
#

---------------  S U M M A R Y ------------

Command Line: -Dfile.encoding=Cp1252 --module-path=C:\Users\wizag\eclipse-workspace\TEST\bin -Djdk.module.main=TEST TEST/TEST.Banking

Host: Intel(R) Core(TM) i5-3210M CPU @ 2.50GHz, 4 cores, 7G,  Windows 10 , 64 bit Build 19041 (10.0.19041.1)
Time: Tue Feb 18 21:39:02 2020 E. Africa Standard Time elapsed time: 0 seconds (0d 0h 0m 0s)

---------------  T H R E A D  ---------------

Current thread (0x000001f4a0e25000):  JavaThread "Unknown thread" [_thread_in_vm, id=10604, stack(0x000000b390f00000,0x000000b391000000)]

Stack: [0x000000b390f00000,0x000000b391000000]
Native frames: (J=compiled Java code, j=interpreted, Vv=VM code, C=native code)
V  [jvm.dll+0x624f9a]
V  [jvm.dll+0x770cfa]
V  [jvm.dll+0x7724af]
V  [jvm.dll+0x772ab3]
V  [jvm.dll+0x24bf08]
V  [jvm.dll+0x6222aa]
V  [jvm.dll+0x6170b5]
V  [jvm.dll+0x30a88c]
V  [jvm.dll+0x30a6c2]
V  [jvm.dll+0x30fe36]
V  [jvm.dll+0x353f46]
V  [jvm.dll+0x353720]
V  [jvm.dll+0x2e550a]
V  [jvm.dll+0x2e67a2]
V  [jvm.dll+0x74dd78]
V  [jvm.dll+0x361989]
V  [jvm.dll+0x730e65]
V  [jvm.dll+0x3cc53f]
V  [jvm.dll+0x3ce861]
C  [jli.dll+0x51ff]
C  [ucrtbase.dll+0x21542]
C  [KERNEL32.DLL+0x16fd4]
C  [ntdll.dll+0x4cf31]


---------------  P R O C E S S  ---------------

Threads class SMR info:
_java_thread_list=0x00007ffb8aecccb8, length=0, elements={
}

Java Threads: ( => current thread )

Other Threads:
  0x000001f4a0e6b000 GCTaskThread "GC Thread#0" [stack: 0x000000b391000000,0x000000b391100000] [id=10344]
  0x000001f4a0e7d800 ConcurrentGCThread "G1 Main Marker" [stack: 0x000000b391100000,0x000000b391200000] [id=9532]
  0x000001f4a0e80000 ConcurrentGCThread "G1 Conc#0" [stack: 0x000000b391200000,0x000000b391300000] [id=1500]

[error occurred during error reporting (printing all threads), id 0xc0000005, EXCEPTION_ACCESS_VIOLATION (0xc0000005) at pc=0x00007ffb8a7051d7]

VM state:not at safepoint (not fully initialized)

VM Mutex/Monitor currently owned by a thread:  ([mutex/lock_event])
[0x000001f4a0e22570] Heap_lock - owner thread: 0x000001f4a0e25000

Heap address: 0x0000000081c00000, size: 2020 MB, Compressed Oops mode: Non-zero based: 0x0000000081c00000
Narrow klass base: 0x0000000000000000, Narrow klass shift: 0

GC Heap History (0 events):
No events

Deoptimization events (0 events):
No events

Classes unloaded (0 events):
No events

Classes redefined (0 events):
No events

Internal exceptions (0 events):
No events

Events (8 events):
Event: 0.020 Loaded shared library C:\Program Files\Java\jdk-13.0.2\bin\zip.dll
Event: 0.022 Loaded shared library C:\Program Files\Java\jdk-13.0.2\bin\jimage.dll
Event: 0.025 Loading shared library C:\Program Files\Java\jdk-13.0.2\lib\libjava.base-coop.dll failed, error code 126
Event: 0.025 Loading shared library C:\Program Files\Java\jdk-13.0.2\lib\libjava.logging-coop.dll failed, error code 126
Event: 0.025 Loading shared library C:\Program Files\Java\jdk-13.0.2\lib\libjdk.compiler-coop.dll failed, error code 126
Event: 0.025 Loading shared library C:\Program Files\Java\jdk-13.0.2\lib\libjdk.scripting.nashorn-coop.dll failed, error code 126
Event: 0.025 Loading shared library C:\Program Files\Java\jdk-13.0.2\lib\libjdk.internal.vm.ci-coop.dll failed, error code 126
Event: 0.025 Loading shared library C:\Program Files\Java\jdk-13.0.2\lib\libjdk.internal.vm.compiler-coop.dll failed, error code 126


Dynamic libraries:
0x00007ff6c2cb0000 - 0x00007ff6c2cbf000 	C:\Program Files\Java\jdk-13.0.2\bin\javaw.exe
0x00007ffbf3ff0000 - 0x00007ffbf41e4000 	C:\WINDOWS\SYSTEM32\ntdll.dll
0x00007ffbf2460000 - 0x00007ffbf251d000 	C:\WINDOWS\System32\KERNEL32.DLL
0x00007ffbf1a50000 - 0x00007ffbf1d17000 	C:\WINDOWS\System32\KERNELBASE.dll
0x00007ffbeea00000 - 0x00007ffbeea90000 	C:\WINDOWS\SYSTEM32\apphelp.dll
0x00007ffbf1d20000 - 0x00007ffbf1e20000 	C:\WINDOWS\System32\ucrtbase.dll
0x00007ffbb93d0000 - 0x00007ffbb93e8000 	C:\Program Files\Java\jdk-13.0.2\bin\jli.dll
0x00007ffbf26d0000 - 0x00007ffbf277a000 	C:\WINDOWS\System32\ADVAPI32.dll
0x00007ffbf33e0000 - 0x00007ffbf347e000 	C:\WINDOWS\System32\msvcrt.dll
0x00007ffbf2ec0000 - 0x00007ffbf2f5b000 	C:\WINDOWS\System32\sechost.dll
0x00007ffbf2590000 - 0x00007ffbf26b3000 	C:\WINDOWS\System32\RPCRT4.dll
0x00007ffbf3120000 - 0x00007ffbf32c0000 	C:\WINDOWS\System32\USER32.dll
0x00007ffbf18c0000 - 0x00007ffbf18e2000 	C:\WINDOWS\System32\win32u.dll
0x00007ffbf3f20000 - 0x00007ffbf3f4a000 	C:\WINDOWS\System32\GDI32.dll
0x00007ffbf1730000 - 0x00007ffbf183a000 	C:\WINDOWS\System32\gdi32full.dll
0x00007ffbf1f50000 - 0x00007ffbf1fed000 	C:\WINDOWS\System32\msvcp_win.dll
0x00007ffbb8db0000 - 0x00007ffbb8dc5000 	C:\Program Files\Java\jdk-13.0.2\bin\VCRUNTIME140.dll
0x00007ffbe0880000 - 0x00007ffbe0b1a000 	C:\WINDOWS\WinSxS\amd64_microsoft.windows.common-controls_6595b64144ccf1df_6.0.19041.1_none_b555e41d4684ddec\COMCTL32.dll
0x00007ffbdf930000 - 0x00007ffbdf93a000 	C:\WINDOWS\SYSTEM32\VERSION.dll
0x00007ffbf3c00000 - 0x00007ffbf3c30000 	C:\WINDOWS\System32\IMM32.DLL
0x00007ffb8c590000 - 0x00007ffb8c62b000 	C:\Program Files\Java\jdk-13.0.2\bin\msvcp140.dll
0x00007ffb8a410000 - 0x00007ffb8af6d000 	C:\Program Files\Java\jdk-13.0.2\bin\server\jvm.dll
0x00007ffbf3110000 - 0x00007ffbf3118000 	C:\WINDOWS\System32\PSAPI.DLL
0x00007ffbe9a90000 - 0x00007ffbe9a99000 	C:\WINDOWS\SYSTEM32\WSOCK32.dll
0x00007ffbf3e00000 - 0x00007ffbf3e6b000 	C:\WINDOWS\System32\WS2_32.dll
0x00007ffbe0b20000 - 0x00007ffbe0b47000 	C:\WINDOWS\SYSTEM32\WINMM.dll
0x00007ffbef5e0000 - 0x00007ffbef5f3000 	C:\WINDOWS\SYSTEM32\kernel.appcore.dll
0x00007ffbdf910000 - 0x00007ffbdf920000 	C:\Program Files\Java\jdk-13.0.2\bin\verify.dll
0x00007ffbe0ed0000 - 0x00007ffbe10b4000 	C:\WINDOWS\SYSTEM32\DBGHELP.DLL
0x00007ffbdf8d0000 - 0x00007ffbdf8fc000 	C:\WINDOWS\SYSTEM32\dbgcore.DLL
0x00007ffbf1840000 - 0x00007ffbf18bf000 	C:\WINDOWS\System32\bcryptPrimitives.dll
0x00007ffbc0910000 - 0x00007ffbc0936000 	C:\Program Files\Java\jdk-13.0.2\bin\java.dll
0x00007ffbc08f0000 - 0x00007ffbc0907000 	C:\Program Files\Java\jdk-13.0.2\bin\zip.dll
0x00007ffbd5df0000 - 0x00007ffbd5dfa000 	C:\Program Files\Java\jdk-13.0.2\bin\jimage.dll

dbghelp: loaded successfully - version: 4.0.5 - missing functions: none
symbol engine: initialized successfully - sym options: 0x614 - pdb path: .;C:\Program Files\Java\jdk-13.0.2\bin;C:\WINDOWS\SYSTEM32;C:\WINDOWS\WinSxS\amd64_microsoft.windows.common-controls_6595b64144ccf1df_6.0.19041.1_none_b555e41d4684ddec;C:\Program Files\Java\jdk-13.0.2\bin\server

VM Arguments:
jvm_args: -Dfile.encoding=Cp1252 --module-path=C:\Users\wizag\eclipse-workspace\TEST\bin -Djdk.module.main=TEST 
java_command: TEST/TEST.Banking
java_class_path (initial): <not set>
Launcher Type: SUN_STANDARD

[Global flags]
     intx CICompilerCount                          = 3                                         {product} {ergonomic}
     uint ConcGCThreads                            = 1                                         {product} {ergonomic}
     uint G1ConcRefinementThreads                  = 4                                         {product} {ergonomic}
   size_t G1HeapRegionSize                         = 1048576                                   {product} {ergonomic}
    uintx GCDrainStackTargetSize                   = 64                                        {product} {ergonomic}
   size_t InitialHeapSize                          = 134217728                                 {product} {ergonomic}
   size_t MarkStackSize                            = 4194304                                   {product} {ergonomic}
   size_t MaxHeapSize                              = 2118123520                                {product} {ergonomic}
   size_t MinHeapDeltaBytes                        = 1048576                                   {product} {ergonomic}
   size_t MinHeapSize                              = 8388608                                   {product} {ergonomic}
    uintx NonNMethodCodeHeapSize                   = 5832780                                {pd product} {ergonomic}
    uintx NonProfiledCodeHeapSize                  = 122912730                              {pd product} {ergonomic}
    uintx ProfiledCodeHeapSize                     = 122912730                              {pd product} {ergonomic}
    uintx ReservedCodeCacheSize                    = 251658240                              {pd product} {ergonomic}
     bool SegmentedCodeCache                       = true                                      {product} {ergonomic}
   size_t SoftMaxHeapSize                          = 2118123520                             {manageable} {ergonomic}
     bool UseCompressedClassPointers               = true                                 {lp64_product} {ergonomic}
     bool UseCompressedOops                        = true                                 {lp64_product} {ergonomic}
     bool UseG1GC                                  = true                                      {product} {ergonomic}
     bool UseLargePagesIndividualAllocation        = false                                  {pd product} {ergonomic}

Logging:
Log output configuration:
 #0: stdout all=warning uptime,level,tags
 #1: stderr all=off uptime,level,tags

Environment Variables:
PATH=C:/Program Files/Java/jdk-13.0.2/bin/server;C:/Program Files/Java/jdk-13.0.2/bin;C:\WINDOWS\system32;C:\WINDOWS;C:\WINDOWS\System32\Wbem;C:\WINDOWS\System32\WindowsPowerShell\v1.0\;C:\WINDOWS\System32\OpenSSH\;C:\Program Files\Git\cmd;C:\Program Files (x86)\Bitvise SSH Client;C:\laragon\bin\php\php-7.2.19-Win32-VC15-x64;C:\composer;C:\Program Files\Microsoft SQL Server\Client SDK\ODBC\130\Tools\Binn\;C:\Program Files (x86)\Microsoft SQL Server\140\Tools\Binn\;C:\Program Files\Microsoft SQL Server\140\Tools\Binn\;C:\Program Files\Microsoft SQL Server\140\DTS\Binn\;C:\Program Files (x86)\Microsoft SQL Server\140\DTS\Binn\;C:\Program Files (x86)\Microsoft SQL Server\150\DTS\Binn\;C:\HashiCorp\Vagrant\bin;C:\laragon\bin;C:\laragon\bin\apache\httpd-2.4.35-win64-VC15\bin;C:\laragon\bin\composer;C:\laragon\bin\git\bin;C:\laragon\bin\git\cmd;C:\laragon\bin\git\mingw64\bin;C:\laragon\bin\git\usr\bin;C:\laragon\bin\laragon\utils;C:\laragon\bin\mysql\mysql-5.7.24-winx64\bin;C:\laragon\bin\nginx\nginx-1.16.0;C:\laragon\bin\ngrok;C:\laragon\bin\nodejs\node-v12;C:\laragon\bin\notepad++;C:\laragon\bin\putty;C:\laragon\bin\redis\redis-x64-3.2.100;C:\laragon\bin\telnet;C:\laragon\usr\bin;C:\Users\wizag\AppData\Local\Yarn\config\global\node_modules\.bin;C:\Users\wizag\AppData\Roaming\Composer\vendor\bin;C:\Users\wizag\AppData\Roaming\npm;C:\Users\wizag\AppData\Local\Microsoft\WindowsApps;C:\Users\wizag\AppData\Local\Microsoft\WindowsApps;C:\Users\wizag\Downloads;
USERNAME=wizag
OS=Windows_NT
PROCESSOR_IDENTIFIER=Intel64 Family 6 Model 58 Stepping 9, GenuineIntel



---------------  S Y S T E M  ---------------

OS: Windows 10 , 64 bit Build 19041 (10.0.19041.1)

CPU:total 4 (initial active 4) (2 cores per cpu, 2 threads per core) family 6 model 58 stepping 9, cmov, cx8, fxsr, mmx, sse, sse2, sse3, ssse3, sse4.1, sse4.2, popcnt, avx, aes, clmul, erms, ht, tsc, tscinvbit, tscinv

Memory: 4k page, system-wide physical 8075M (1162M free)
TotalPageFile size 19244M (AvailPageFile size 9M)
current process WorkingSet (physical memory assigned to process): 11M, peak: 11M
current process commit charge ("private bytes"): 51M, peak: 179M

vm_info: Java HotSpot(TM) 64-Bit Server VM (13.0.2+8) for windows-amd64 JRE (13.0.2+8), built on Dec 11 2019 09:20:33 by "mach5one" with unknown MS VC++:1916

END.
