#
# There is insufficient memory for the Java Runtime Environment to continue.
# Native memory allocation (malloc) failed to allocate 32744 bytes for ChunkPool::allocate
# Possible reasons:
#   The system is out of physical RAM or swap space
#   The process is running with CompressedOops enabled, and the Java Heap may be blocking the growth of the native heap
# Possible solutions:
#   Reduce memory load on the system
#   Increase physical memory or swap space
#   Check if swap backing store is full
#   Decrease Java heap size (-Xmx/-Xms)
#   Decrease number of Java threads
#   Decrease Java thread stack sizes (-Xss)
#   Set larger code cache with -XX:ReservedCodeCacheSize=
#   JVM is running with Unscaled Compressed Oops mode in which the Java heap is
#     placed in the first 4GB address space. The Java Heap base address is the
#     maximum limit for the native heap growth. Please use -XX:HeapBaseMinAddress
#     to set the Java Heap base and to place the Java Heap above 4GB virtual address.
# This output file may be truncated or incomplete.
#
#  Out of Memory Error (t:/workspace/open/src/hotspot/share/memory/arena.cpp:80), pid=18312, tid=21348
#
# JRE version: Java(TM) SE Runtime Environment (13.0.2+8) (build 13.0.2+8)
# Java VM: Java HotSpot(TM) 64-Bit Server VM (13.0.2+8, mixed mode, sharing, tiered, compressed oops, g1 gc, windows-amd64)
# No core dump will be written. Minidumps are not enabled by default on client versions of Windows
#

---------------  S U M M A R Y ------------

Command Line: -Dfile.encoding=Cp1252 --module-path=C:\Users\wizag\eclipse-workspace\TEST\bin -Djdk.module.main=TEST TEST/TEST.Banking

Host: Intel(R) Core(TM) i5-3210M CPU @ 2.50GHz, 4 cores, 7G,  Windows 10 , 64 bit Build 19041 (10.0.19041.1)
Time: Wed Feb 19 09:32:26 2020 E. Africa Standard Time elapsed time: 0 seconds (0d 0h 0m 0s)

---------------  T H R E A D  ---------------

Current thread (0x000001ab001c8000):  JavaThread "C2 CompilerThread0" daemon [_thread_in_native, id=21348, stack(0x000000537ef00000,0x000000537f000000)]


Current CompileTask:
C2:    188  174       4       java.util.HashMap::putVal (300 bytes)

Stack: [0x000000537ef00000,0x000000537f000000]
Native frames: (J=compiled Java code, j=interpreted, Vv=VM code, C=native code)
V  [jvm.dll+0x624f9a]
V  [jvm.dll+0x770cfa]
V  [jvm.dll+0x7724af]
V  [jvm.dll+0x772ab3]
V  [jvm.dll+0x24bf08]
V  [jvm.dll+0xc2076]
V  [jvm.dll+0xc23cc]
V  [jvm.dll+0xc1f2d]
V  [jvm.dll+0x60763f]
V  [jvm.dll+0x656acc]
V  [jvm.dll+0x19f3bc]
V  [jvm.dll+0x205d36]
V  [jvm.dll+0x204e3f]
V  [jvm.dll+0x189c2c]
V  [jvm.dll+0x213e6d]
V  [jvm.dll+0x2120bb]
V  [jvm.dll+0x736bb6]
V  [jvm.dll+0x72fcaa]
V  [jvm.dll+0x623ea6]
C  [ucrtbase.dll+0x21542]
C  [KERNEL32.DLL+0x16fd4]
C  [ntdll.dll+0x4cf31]


---------------  P R O C E S S  ---------------

Threads class SMR info:
_java_thread_list=0x000001ab00c16db0, length=10, elements={
0x000001ab61b0b800, 0x000001ab0019a000, 0x000001ab001ab800, 0x000001ab001c0000,
0x000001ab001c4800, 0x000001ab001c8000, 0x000001ab001ed000, 0x000001ab001f7000,
0x000001ab0017c000, 0x000001ab00c75000
}

Java Threads: ( => current thread )
  0x000001ab61b0b800 JavaThread "main" [_thread_in_native, id=7028, stack(0x000000537e400000,0x000000537e500000)]
  0x000001ab0019a000 JavaThread "Reference Handler" daemon [_thread_blocked, id=7136, stack(0x000000537eb00000,0x000000537ec00000)]
  0x000001ab001ab800 JavaThread "Finalizer" daemon [_thread_blocked, id=17452, stack(0x000000537ec00000,0x000000537ed00000)]
  0x000001ab001c0000 JavaThread "Signal Dispatcher" daemon [_thread_blocked, id=20364, stack(0x000000537ed00000,0x000000537ee00000)]
  0x000001ab001c4800 JavaThread "Attach Listener" daemon [_thread_blocked, id=13624, stack(0x000000537ee00000,0x000000537ef00000)]
=>0x000001ab001c8000 JavaThread "C2 CompilerThread0" daemon [_thread_in_native, id=21348, stack(0x000000537ef00000,0x000000537f000000)]
  0x000001ab001ed000 JavaThread "C1 CompilerThread0" daemon [_thread_blocked, id=20380, stack(0x000000537f000000,0x000000537f100000)]
  0x000001ab001f7000 JavaThread "Sweeper thread" daemon [_thread_blocked, id=10284, stack(0x000000537f100000,0x000000537f200000)]
  0x000001ab0017c000 JavaThread "Common-Cleaner" daemon [_thread_blocked, id=14972, stack(0x000000537f200000,0x000000537f300000)]
  0x000001ab00c75000 JavaThread "Service Thread" daemon [_thread_blocked, id=20824, stack(0x000000537f300000,0x000000537f400000)]

Other Threads:
  0x000001ab00195000 VMThread "VM Thread" [stack: 0x000000537ea00000,0x000000537eb00000] [id=15816]
  0x000001ab00c76800 WatcherThread [stack: 0x000000537f400000,0x000000537f500000] [id=13444]
  0x000001ab61b4e000 GCTaskThread "GC Thread#0" [stack: 0x000000537e500000,0x000000537e600000] [id=17780]
  0x000001ab61b61000 ConcurrentGCThread "G1 Main Marker" [stack: 0x000000537e600000,0x000000537e700000] [id=2368]
  0x000001ab61b63000 ConcurrentGCThread "G1 Conc#0" [stack: 0x000000537e700000,0x000000537e800000] [id=7056]
  0x000001ab61bde800 ConcurrentGCThread "G1 Refine#0" [stack: 0x000000537e800000,0x000000537e900000] [id=14144]
  0x000001ab00011800 ConcurrentGCThread "G1 Young RemSet Sampling" [stack: 0x000000537e900000,0x000000537ea00000] [id=18868]

Threads with active compile tasks:
C2 CompilerThread0      222  174       4       java.util.HashMap::putVal (300 bytes)

VM state:not at safepoint (normal execution)

VM Mutex/Monitor currently owned by a thread: None

Heap address: 0x0000000081c00000, size: 2020 MB, Compressed Oops mode: 32-bit
Narrow klass base: 0x0000000800000000, Narrow klass shift: 3
Compressed class space size: 1073741824 Address: 0x0000000800b40000

Heap:
 garbage-first heap   total 131072K, used 1024K [0x0000000081c00000, 0x0000000100000000)
  region size 1024K, 2 young (2048K), 0 survivors (0K)
 Metaspace       used 1340K, capacity 4604K, committed 4864K, reserved 1056768K
  class space    used 143K, capacity 450K, committed 512K, reserved 1048576K
Heap Regions: E=young(eden), S=young(survivor), O=old, HS=humongous(starts), HC=humongous(continues), CS=collection set, F=free, A=archive, TAMS=top-at-mark-start (previous, next)
|   0|0x0000000081c00000, 0x0000000081c00000, 0x0000000081d00000|  0%| F|  |TAMS 0x0000000081c00000, 0x0000000081c00000| Untracked 
|   1|0x0000000081d00000, 0x0000000081d00000, 0x0000000081e00000|  0%| F|  |TAMS 0x0000000081d00000, 0x0000000081d00000| Untracked 
|   2|0x0000000081e00000, 0x0000000081e00000, 0x0000000081f00000|  0%| F|  |TAMS 0x0000000081e00000, 0x0000000081e00000| Untracked 
|   3|0x0000000081f00000, 0x0000000081f00000, 0x0000000082000000|  0%| F|  |TAMS 0x0000000081f00000, 0x0000000081f00000| Untracked 
|   4|0x0000000082000000, 0x0000000082000000, 0x0000000082100000|  0%| F|  |TAMS 0x0000000082000000, 0x0000000082000000| Untracked 
|   5|0x0000000082100000, 0x0000000082100000, 0x0000000082200000|  0%| F|  |TAMS 0x0000000082100000, 0x0000000082100000| Untracked 
|   6|0x0000000082200000, 0x0000000082200000, 0x0000000082300000|  0%| F|  |TAMS 0x0000000082200000, 0x0000000082200000| Untracked 
|   7|0x0000000082300000, 0x0000000082300000, 0x0000000082400000|  0%| F|  |TAMS 0x0000000082300000, 0x0000000082300000| Untracked 
|   8|0x0000000082400000, 0x0000000082400000, 0x0000000082500000|  0%| F|  |TAMS 0x0000000082400000, 0x0000000082400000| Untracked 
|   9|0x0000000082500000, 0x0000000082500000, 0x0000000082600000|  0%| F|  |TAMS 0x0000000082500000, 0x0000000082500000| Untracked 
|  10|0x0000000082600000, 0x0000000082600000, 0x0000000082700000|  0%| F|  |TAMS 0x0000000082600000, 0x0000000082600000| Untracked 
|  11|0x0000000082700000, 0x0000000082700000, 0x0000000082800000|  0%| F|  |TAMS 0x0000000082700000, 0x0000000082700000| Untracked 
|  12|0x0000000082800000, 0x0000000082800000, 0x0000000082900000|  0%| F|  |TAMS 0x0000000082800000, 0x0000000082800000| Untracked 
|  13|0x0000000082900000, 0x0000000082900000, 0x0000000082a00000|  0%| F|  |TAMS 0x0000000082900000, 0x0000000082900000| Untracked 
|  14|0x0000000082a00000, 0x0000000082a00000, 0x0000000082b00000|  0%| F|  |TAMS 0x0000000082a00000, 0x0000000082a00000| Untracked 
|  15|0x0000000082b00000, 0x0000000082b00000, 0x0000000082c00000|  0%| F|  |TAMS 0x0000000082b00000, 0x0000000082b00000| Untracked 
|  16|0x0000000082c00000, 0x0000000082c00000, 0x0000000082d00000|  0%| F|  |TAMS 0x0000000082c00000, 0x0000000082c00000| Untracked 
|  17|0x0000000082d00000, 0x0000000082d00000, 0x0000000082e00000|  0%| F|  |TAMS 0x0000000082d00000, 0x0000000082d00000| Untracked 
|  18|0x0000000082e00000, 0x0000000082e00000, 0x0000000082f00000|  0%| F|  |TAMS 0x0000000082e00000, 0x0000000082e00000| Untracked 
|  19|0x0000000082f00000, 0x0000000082f00000, 0x0000000083000000|  0%| F|  |TAMS 0x0000000082f00000, 0x0000000082f00000| Untracked 
|  20|0x0000000083000000, 0x0000000083000000, 0x0000000083100000|  0%| F|  |TAMS 0x0000000083000000, 0x0000000083000000| Untracked 
|  21|0x0000000083100000, 0x0000000083100000, 0x0000000083200000|  0%| F|  |TAMS 0x0000000083100000, 0x0000000083100000| Untracked 
|  22|0x0000000083200000, 0x0000000083200000, 0x0000000083300000|  0%| F|  |TAMS 0x0000000083200000, 0x0000000083200000| Untracked 
|  23|0x0000000083300000, 0x0000000083300000, 0x0000000083400000|  0%| F|  |TAMS 0x0000000083300000, 0x0000000083300000| Untracked 
|  24|0x0000000083400000, 0x0000000083400000, 0x0000000083500000|  0%| F|  |TAMS 0x0000000083400000, 0x0000000083400000| Untracked 
|  25|0x0000000083500000, 0x0000000083500000, 0x0000000083600000|  0%| F|  |TAMS 0x0000000083500000, 0x0000000083500000| Untracked 
|  26|0x0000000083600000, 0x0000000083600000, 0x0000000083700000|  0%| F|  |TAMS 0x0000000083600000, 0x0000000083600000| Untracked 
|  27|0x0000000083700000, 0x0000000083700000, 0x0000000083800000|  0%| F|  |TAMS 0x0000000083700000, 0x0000000083700000| Untracked 
|  28|0x0000000083800000, 0x0000000083800000, 0x0000000083900000|  0%| F|  |TAMS 0x0000000083800000, 0x0000000083800000| Untracked 
|  29|0x0000000083900000, 0x0000000083900000, 0x0000000083a00000|  0%| F|  |TAMS 0x0000000083900000, 0x0000000083900000| Untracked 
|  30|0x0000000083a00000, 0x0000000083a00000, 0x0000000083b00000|  0%| F|  |TAMS 0x0000000083a00000, 0x0000000083a00000| Untracked 
|  31|0x0000000083b00000, 0x0000000083b00000, 0x0000000083c00000|  0%| F|  |TAMS 0x0000000083b00000, 0x0000000083b00000| Untracked 
|  32|0x0000000083c00000, 0x0000000083c00000, 0x0000000083d00000|  0%| F|  |TAMS 0x0000000083c00000, 0x0000000083c00000| Untracked 
|  33|0x0000000083d00000, 0x0000000083d00000, 0x0000000083e00000|  0%| F|  |TAMS 0x0000000083d00000, 0x0000000083d00000| Untracked 
|  34|0x0000000083e00000, 0x0000000083e00000, 0x0000000083f00000|  0%| F|  |TAMS 0x0000000083e00000, 0x0000000083e00000| Untracked 
|  35|0x0000000083f00000, 0x0000000083f00000, 0x0000000084000000|  0%| F|  |TAMS 0x0000000083f00000, 0x0000000083f00000| Untracked 
|  36|0x0000000084000000, 0x0000000084000000, 0x0000000084100000|  0%| F|  |TAMS 0x0000000084000000, 0x0000000084000000| Untracked 
|  37|0x0000000084100000, 0x0000000084100000, 0x0000000084200000|  0%| F|  |TAMS 0x0000000084100000, 0x0000000084100000| Untracked 
|  38|0x0000000084200000, 0x0000000084200000, 0x0000000084300000|  0%| F|  |TAMS 0x0000000084200000, 0x0000000084200000| Untracked 
|  39|0x0000000084300000, 0x0000000084300000, 0x0000000084400000|  0%| F|  |TAMS 0x0000000084300000, 0x0000000084300000| Untracked 
|  40|0x0000000084400000, 0x0000000084400000, 0x0000000084500000|  0%| F|  |TAMS 0x0000000084400000, 0x0000000084400000| Untracked 
|  41|0x0000000084500000, 0x0000000084500000, 0x0000000084600000|  0%| F|  |TAMS 0x0000000084500000, 0x0000000084500000| Untracked 
|  42|0x0000000084600000, 0x0000000084600000, 0x0000000084700000|  0%| F|  |TAMS 0x0000000084600000, 0x0000000084600000| Untracked 
|  43|0x0000000084700000, 0x0000000084700000, 0x0000000084800000|  0%| F|  |TAMS 0x0000000084700000, 0x0000000084700000| Untracked 
|  44|0x0000000084800000, 0x0000000084800000, 0x0000000084900000|  0%| F|  |TAMS 0x0000000084800000, 0x0000000084800000| Untracked 
|  45|0x0000000084900000, 0x0000000084900000, 0x0000000084a00000|  0%| F|  |TAMS 0x0000000084900000, 0x0000000084900000| Untracked 
|  46|0x0000000084a00000, 0x0000000084a00000, 0x0000000084b00000|  0%| F|  |TAMS 0x0000000084a00000, 0x0000000084a00000| Untracked 
|  47|0x0000000084b00000, 0x0000000084b00000, 0x0000000084c00000|  0%| F|  |TAMS 0x0000000084b00000, 0x0000000084b00000| Untracked 
|  48|0x0000000084c00000, 0x0000000084c00000, 0x0000000084d00000|  0%| F|  |TAMS 0x0000000084c00000, 0x0000000084c00000| Untracked 
|  49|0x0000000084d00000, 0x0000000084d00000, 0x0000000084e00000|  0%| F|  |TAMS 0x0000000084d00000, 0x0000000084d00000| Untracked 
|  50|0x0000000084e00000, 0x0000000084e00000, 0x0000000084f00000|  0%| F|  |TAMS 0x0000000084e00000, 0x0000000084e00000| Untracked 
|  51|0x0000000084f00000, 0x0000000084f00000, 0x0000000085000000|  0%| F|  |TAMS 0x0000000084f00000, 0x0000000084f00000| Untracked 
|  52|0x0000000085000000, 0x0000000085000000, 0x0000000085100000|  0%| F|  |TAMS 0x0000000085000000, 0x0000000085000000| Untracked 
|  53|0x0000000085100000, 0x0000000085100000, 0x0000000085200000|  0%| F|  |TAMS 0x0000000085100000, 0x0000000085100000| Untracked 
|  54|0x0000000085200000, 0x0000000085200000, 0x0000000085300000|  0%| F|  |TAMS 0x0000000085200000, 0x0000000085200000| Untracked 
|  55|0x0000000085300000, 0x0000000085300000, 0x0000000085400000|  0%| F|  |TAMS 0x0000000085300000, 0x0000000085300000| Untracked 
|  56|0x0000000085400000, 0x0000000085400000, 0x0000000085500000|  0%| F|  |TAMS 0x0000000085400000, 0x0000000085400000| Untracked 
|  57|0x0000000085500000, 0x0000000085500000, 0x0000000085600000|  0%| F|  |TAMS 0x0000000085500000, 0x0000000085500000| Untracked 
|  58|0x0000000085600000, 0x0000000085600000, 0x0000000085700000|  0%| F|  |TAMS 0x0000000085600000, 0x0000000085600000| Untracked 
|  59|0x0000000085700000, 0x0000000085700000, 0x0000000085800000|  0%| F|  |TAMS 0x0000000085700000, 0x0000000085700000| Untracked 
|  60|0x0000000085800000, 0x0000000085800000, 0x0000000085900000|  0%| F|  |TAMS 0x0000000085800000, 0x0000000085800000| Untracked 
|  61|0x0000000085900000, 0x0000000085900000, 0x0000000085a00000|  0%| F|  |TAMS 0x0000000085900000, 0x0000000085900000| Untracked 
|  62|0x0000000085a00000, 0x0000000085a00000, 0x0000000085b00000|  0%| F|  |TAMS 0x0000000085a00000, 0x0000000085a00000| Untracked 
|  63|0x0000000085b00000, 0x0000000085b00000, 0x0000000085c00000|  0%| F|  |TAMS 0x0000000085b00000, 0x0000000085b00000| Untracked 
|  64|0x0000000085c00000, 0x0000000085c00000, 0x0000000085d00000|  0%| F|  |TAMS 0x0000000085c00000, 0x0000000085c00000| Untracked 
|  65|0x0000000085d00000, 0x0000000085d00000, 0x0000000085e00000|  0%| F|  |TAMS 0x0000000085d00000, 0x0000000085d00000| Untracked 
|  66|0x0000000085e00000, 0x0000000085e00000, 0x0000000085f00000|  0%| F|  |TAMS 0x0000000085e00000, 0x0000000085e00000| Untracked 
|  67|0x0000000085f00000, 0x0000000085f00000, 0x0000000086000000|  0%| F|  |TAMS 0x0000000085f00000, 0x0000000085f00000| Untracked 
|  68|0x0000000086000000, 0x0000000086000000, 0x0000000086100000|  0%| F|  |TAMS 0x0000000086000000, 0x0000000086000000| Untracked 
|  69|0x0000000086100000, 0x0000000086100000, 0x0000000086200000|  0%| F|  |TAMS 0x0000000086100000, 0x0000000086100000| Untracked 
|  70|0x0000000086200000, 0x0000000086200000, 0x0000000086300000|  0%| F|  |TAMS 0x0000000086200000, 0x0000000086200000| Untracked 
|  71|0x0000000086300000, 0x0000000086300000, 0x0000000086400000|  0%| F|  |TAMS 0x0000000086300000, 0x0000000086300000| Untracked 
|  72|0x0000000086400000, 0x0000000086400000, 0x0000000086500000|  0%| F|  |TAMS 0x0000000086400000, 0x0000000086400000| Untracked 
|  73|0x0000000086500000, 0x0000000086500000, 0x0000000086600000|  0%| F|  |TAMS 0x0000000086500000, 0x0000000086500000| Untracked 
|  74|0x0000000086600000, 0x0000000086600000, 0x0000000086700000|  0%| F|  |TAMS 0x0000000086600000, 0x0000000086600000| Untracked 
|  75|0x0000000086700000, 0x0000000086700000, 0x0000000086800000|  0%| F|  |TAMS 0x0000000086700000, 0x0000000086700000| Untracked 
|  76|0x0000000086800000, 0x0000000086800000, 0x0000000086900000|  0%| F|  |TAMS 0x0000000086800000, 0x0000000086800000| Untracked 
|  77|0x0000000086900000, 0x0000000086900000, 0x0000000086a00000|  0%| F|  |TAMS 0x0000000086900000, 0x0000000086900000| Untracked 
|  78|0x0000000086a00000, 0x0000000086a00000, 0x0000000086b00000|  0%| F|  |TAMS 0x0000000086a00000, 0x0000000086a00000| Untracked 
|  79|0x0000000086b00000, 0x0000000086b00000, 0x0000000086c00000|  0%| F|  |TAMS 0x0000000086b00000, 0x0000000086b00000| Untracked 
|  80|0x0000000086c00000, 0x0000000086c00000, 0x0000000086d00000|  0%| F|  |TAMS 0x0000000086c00000, 0x0000000086c00000| Untracked 
|  81|0x0000000086d00000, 0x0000000086d00000, 0x0000000086e00000|  0%| F|  |TAMS 0x0000000086d00000, 0x0000000086d00000| Untracked 
|  82|0x0000000086e00000, 0x0000000086e00000, 0x0000000086f00000|  0%| F|  |TAMS 0x0000000086e00000, 0x0000000086e00000| Untracked 
|  83|0x0000000086f00000, 0x0000000086f00000, 0x0000000087000000|  0%| F|  |TAMS 0x0000000086f00000, 0x0000000086f00000| Untracked 
|  84|0x0000000087000000, 0x0000000087000000, 0x0000000087100000|  0%| F|  |TAMS 0x0000000087000000, 0x0000000087000000| Untracked 
|  85|0x0000000087100000, 0x0000000087100000, 0x0000000087200000|  0%| F|  |TAMS 0x0000000087100000, 0x0000000087100000| Untracked 
|  86|0x0000000087200000, 0x0000000087200000, 0x0000000087300000|  0%| F|  |TAMS 0x0000000087200000, 0x0000000087200000| Untracked 
|  87|0x0000000087300000, 0x0000000087300000, 0x0000000087400000|  0%| F|  |TAMS 0x0000000087300000, 0x0000000087300000| Untracked 
|  88|0x0000000087400000, 0x0000000087400000, 0x0000000087500000|  0%| F|  |TAMS 0x0000000087400000, 0x0000000087400000| Untracked 
|  89|0x0000000087500000, 0x0000000087500000, 0x0000000087600000|  0%| F|  |TAMS 0x0000000087500000, 0x0000000087500000| Untracked 
|  90|0x0000000087600000, 0x0000000087600000, 0x0000000087700000|  0%| F|  |TAMS 0x0000000087600000, 0x0000000087600000| Untracked 
|  91|0x0000000087700000, 0x0000000087700000, 0x0000000087800000|  0%| F|  |TAMS 0x0000000087700000, 0x0000000087700000| Untracked 
|  92|0x0000000087800000, 0x0000000087800000, 0x0000000087900000|  0%| F|  |TAMS 0x0000000087800000, 0x0000000087800000| Untracked 
|  93|0x0000000087900000, 0x0000000087900000, 0x0000000087a00000|  0%| F|  |TAMS 0x0000000087900000, 0x0000000087900000| Untracked 
|  94|0x0000000087a00000, 0x0000000087a00000, 0x0000000087b00000|  0%| F|  |TAMS 0x0000000087a00000, 0x0000000087a00000| Untracked 
|  95|0x0000000087b00000, 0x0000000087b00000, 0x0000000087c00000|  0%| F|  |TAMS 0x0000000087b00000, 0x0000000087b00000| Untracked 
|  96|0x0000000087c00000, 0x0000000087c00000, 0x0000000087d00000|  0%| F|  |TAMS 0x0000000087c00000, 0x0000000087c00000| Untracked 
|  97|0x0000000087d00000, 0x0000000087d00000, 0x0000000087e00000|  0%| F|  |TAMS 0x0000000087d00000, 0x0000000087d00000| Untracked 
|  98|0x0000000087e00000, 0x0000000087e00000, 0x0000000087f00000|  0%| F|  |TAMS 0x0000000087e00000, 0x0000000087e00000| Untracked 
|  99|0x0000000087f00000, 0x0000000087f00000, 0x0000000088000000|  0%| F|  |TAMS 0x0000000087f00000, 0x0000000087f00000| Untracked 
| 100|0x0000000088000000, 0x0000000088000000, 0x0000000088100000|  0%| F|  |TAMS 0x0000000088000000, 0x0000000088000000| Untracked 
| 101|0x0000000088100000, 0x0000000088100000, 0x0000000088200000|  0%| F|  |TAMS 0x0000000088100000, 0x0000000088100000| Untracked 
| 102|0x0000000088200000, 0x0000000088200000, 0x0000000088300000|  0%| F|  |TAMS 0x0000000088200000, 0x0000000088200000| Untracked 
| 103|0x0000000088300000, 0x0000000088300000, 0x0000000088400000|  0%| F|  |TAMS 0x0000000088300000, 0x0000000088300000| Untracked 
| 104|0x0000000088400000, 0x0000000088400000, 0x0000000088500000|  0%| F|  |TAMS 0x0000000088400000, 0x0000000088400000| Untracked 
| 105|0x0000000088500000, 0x0000000088500000, 0x0000000088600000|  0%| F|  |TAMS 0x0000000088500000, 0x0000000088500000| Untracked 
| 106|0x0000000088600000, 0x0000000088600000, 0x0000000088700000|  0%| F|  |TAMS 0x0000000088600000, 0x0000000088600000| Untracked 
| 107|0x0000000088700000, 0x0000000088700000, 0x0000000088800000|  0%| F|  |TAMS 0x0000000088700000, 0x0000000088700000| Untracked 
| 108|0x0000000088800000, 0x0000000088800000, 0x0000000088900000|  0%| F|  |TAMS 0x0000000088800000, 0x0000000088800000| Untracked 
| 109|0x0000000088900000, 0x0000000088900000, 0x0000000088a00000|  0%| F|  |TAMS 0x0000000088900000, 0x0000000088900000| Untracked 
| 110|0x0000000088a00000, 0x0000000088a00000, 0x0000000088b00000|  0%| F|  |TAMS 0x0000000088a00000, 0x0000000088a00000| Untracked 
| 111|0x0000000088b00000, 0x0000000088b00000, 0x0000000088c00000|  0%| F|  |TAMS 0x0000000088b00000, 0x0000000088b00000| Untracked 
| 112|0x0000000088c00000, 0x0000000088c00000, 0x0000000088d00000|  0%| F|  |TAMS 0x0000000088c00000, 0x0000000088c00000| Untracked 
| 113|0x0000000088d00000, 0x0000000088d00000, 0x0000000088e00000|  0%| F|  |TAMS 0x0000000088d00000, 0x0000000088d00000| Untracked 
| 114|0x0000000088e00000, 0x0000000088e00000, 0x0000000088f00000|  0%| F|  |TAMS 0x0000000088e00000, 0x0000000088e00000| Untracked 
| 115|0x0000000088f00000, 0x0000000088f00000, 0x0000000089000000|  0%| F|  |TAMS 0x0000000088f00000, 0x0000000088f00000| Untracked 
| 116|0x0000000089000000, 0x0000000089000000, 0x0000000089100000|  0%| F|  |TAMS 0x0000000089000000, 0x0000000089000000| Untracked 
| 117|0x0000000089100000, 0x0000000089100000, 0x0000000089200000|  0%| F|  |TAMS 0x0000000089100000, 0x0000000089100000| Untracked 
| 118|0x0000000089200000, 0x0000000089200000, 0x0000000089300000|  0%| F|  |TAMS 0x0000000089200000, 0x0000000089200000| Untracked 
| 119|0x0000000089300000, 0x0000000089300000, 0x0000000089400000|  0%| F|  |TAMS 0x0000000089300000, 0x0000000089300000| Untracked 
| 120|0x0000000089400000, 0x0000000089400000, 0x0000000089500000|  0%| F|  |TAMS 0x0000000089400000, 0x0000000089400000| Untracked 
| 121|0x0000000089500000, 0x0000000089500000, 0x0000000089600000|  0%| F|  |TAMS 0x0000000089500000, 0x0000000089500000| Untracked 
| 122|0x0000000089600000, 0x0000000089600000, 0x0000000089700000|  0%| F|  |TAMS 0x0000000089600000, 0x0000000089600000| Untracked 
| 123|0x0000000089700000, 0x0000000089700000, 0x0000000089800000|  0%| F|  |TAMS 0x0000000089700000, 0x0000000089700000| Untracked 
| 124|0x0000000089800000, 0x0000000089800000, 0x0000000089900000|  0%| F|  |TAMS 0x0000000089800000, 0x0000000089800000| Untracked 
| 125|0x0000000089900000, 0x0000000089900000, 0x0000000089a00000|  0%| F|  |TAMS 0x0000000089900000, 0x0000000089900000| Untracked 
| 126|0x0000000089a00000, 0x0000000089ad7cf8, 0x0000000089b00000| 84%| E|  |TAMS 0x0000000089a00000, 0x0000000089a00000| Complete 
| 127|0x0000000089b00000, 0x0000000089c00000, 0x0000000089c00000|100%| E|CS|TAMS 0x0000000089b00000, 0x0000000089b00000| Complete 

Card table byte_map: [0x000001ab79410000,0x000001ab79810000] _byte_map_base: 0x000001ab79002000

Marking Bits (Prev, Next): (CMBitMap*) 0x000001ab61b4ff08, (CMBitMap*) 0x000001ab61b4ff48
 Prev Bits: [0x000001ab79c10000, 0x000001ab7bba0000)
 Next Bits: [0x000001ab7bba0000, 0x000001ab7db30000)

Polling page: 0x000001ab5f8f0000

Metaspace:

Usage:
  Non-class:      4.06 MB capacity,     1.18 MB ( 29%) used,     2.87 MB ( 71%) free+waste,     3.50 KB ( <1%) overhead. 
      Class:    450.00 KB capacity,   145.20 KB ( 32%) used,   302.62 KB ( 67%) free+waste,     2.19 KB ( <1%) overhead. 
       Both:      4.50 MB capacity,     1.32 MB ( 29%) used,     3.17 MB ( 70%) free+waste,     5.69 KB ( <1%) overhead. 

Virtual space:
  Non-class space:        8.00 MB reserved,       4.25 MB ( 53%) committed 
      Class space:        1.00 GB reserved,     512.00 KB ( <1%) committed 
             Both:        1.01 GB reserved,       4.75 MB ( <1%) committed 

Chunk freelists:
   Non-Class:  0 bytes
       Class:  0 bytes
        Both:  0 bytes

MaxMetaspaceSize: 17179869184.00 GB
CompressedClassSpaceSize: 1.00 GB

CodeHeap 'non-profiled nmethods': size=120000Kb used=74Kb max_used=74Kb free=119925Kb
 bounds [0x000001ab71ae0000, 0x000001ab71d50000, 0x000001ab79010000]
CodeHeap 'profiled nmethods': size=120000Kb used=314Kb max_used=314Kb free=119685Kb
 bounds [0x000001ab6a5b0000, 0x000001ab6a820000, 0x000001ab71ae0000]
CodeHeap 'non-nmethods': size=5760Kb used=1119Kb max_used=1125Kb free=4640Kb
 bounds [0x000001ab6a010000, 0x000001ab6a280000, 0x000001ab6a5b0000]
 total_blobs=908 nmethods=234 adapters=265
 compilation: enabled
              stopped_count=0, restarted_count=0
 full_count=0

Compilation events (20 events):
Event: 0.171 Thread 0x000001ab001ed000  175       3       java.util.HashMap::keySet (25 bytes)
Event: 0.172 Thread 0x000001ab001ed000 nmethod 175 0x000001ab6a5ed110 code [0x000001ab6a5ed2e0, 0x000001ab6a5ed738]
Event: 0.172 Thread 0x000001ab001ed000  176       3       java.util.HashMap$KeySet::iterator (12 bytes)
Event: 0.172 Thread 0x000001ab001ed000 nmethod 176 0x000001ab6a5ed890 code [0x000001ab6a5eda40, 0x000001ab6a5edd30]
Event: 0.172 Thread 0x000001ab001ed000  177       3       java.util.HashMap$KeyIterator::<init> (11 bytes)
Event: 0.172 Thread 0x000001ab001ed000 nmethod 177 0x000001ab6a5ede10 code [0x000001ab6a5edfc0, 0x000001ab6a5ee1d0]
Event: 0.172 Thread 0x000001ab001ed000  178       3       java.util.HashSet::iterator (13 bytes)
Event: 0.172 Thread 0x000001ab001ed000 nmethod 178 0x000001ab6a5ee290 code [0x000001ab6a5ee460, 0x000001ab6a5ee780]
Event: 0.172 Thread 0x000001ab001ed000  179       1       java.lang.module.ModuleDescriptor$Provides::service (5 bytes)
Event: 0.172 Thread 0x000001ab001ed000 nmethod 179 0x000001ab71aed990 code [0x000001ab71aedb20, 0x000001ab71aedc58]
Event: 0.173 Thread 0x000001ab001ed000  181       1       java.util.KeyValueHolder::getKey (5 bytes)
Event: 0.173 Thread 0x000001ab001ed000 nmethod 181 0x000001ab71aedd10 code [0x000001ab71aedea0, 0x000001ab71aedfd8]
Event: 0.173 Thread 0x000001ab001ed000  182       1       java.util.KeyValueHolder::getValue (5 bytes)
Event: 0.173 Thread 0x000001ab001ed000 nmethod 182 0x000001ab71aee090 code [0x000001ab71aee220, 0x000001ab71aee358]
Event: 0.174 Thread 0x000001ab001ed000  184       3       java.util.ImmutableCollections$MapN::probe (60 bytes)
Event: 0.174 Thread 0x000001ab001ed000 nmethod 184 0x000001ab6a5ee890 code [0x000001ab6a5eea80, 0x000001ab6a5ef060]
Event: 0.175 Thread 0x000001ab001ed000  185       3       jdk.internal.module.ModuleBootstrap$2::hasNext (30 bytes)
Event: 0.175 Thread 0x000001ab001ed000 nmethod 185 0x000001ab6a5ef290 code [0x000001ab6a5ef460, 0x000001ab6a5ef820]
Event: 0.175 Thread 0x000001ab001ed000  186       3       jdk.internal.module.ModuleBootstrap$2::next (52 bytes)
Event: 0.175 Thread 0x000001ab001ed000 nmethod 186 0x000001ab6a5ef910 code [0x000001ab6a5efb20, 0x000001ab6a5f00f0]

GC Heap History (0 events):
No events

Deoptimization events (4 events):
Event: 0.179 Thread 0x000001ab61b0b800 Uncommon trap: trap_request=0xffffff45 fr.pc=0x000001ab71ae6020 relative=0x0000000000000080
Event: 0.179 Thread 0x000001ab61b0b800 Uncommon trap: reason=unstable_if action=reinterpret pc=0x000001ab71ae6020 method=java.lang.String.isLatin1()Z @ 10 c2
Event: 0.179 Thread 0x000001ab61b0b800 DEOPT PACKING pc=0x000001ab71ae6020 sp=0x000000537e4fef80
Event: 0.179 Thread 0x000001ab61b0b800 DEOPT UNPACKING pc=0x000001ab6a05912f sp=0x000000537e4feec0 mode 2

Classes unloaded (0 events):
No events

Classes redefined (0 events):
No events

Internal exceptions (2 events):
Event: 0.125 Thread 0x000001ab61b0b800 Exception <a 'java/lang/NoSuchMethodError'{0x0000000089bf18b8}: 'int java.lang.invoke.DirectMethodHandle$Holder.invokeSpecial(java.lang.Object, java.lang.Object, java.lang.Object, java.lang.Object)'> (0x0000000089bf18b8) 
thrown [t:/workspace/open/src/hotspot/share/interpreter/linkResolver.cpp, line 767]
Event: 0.129 Thread 0x000001ab61b0b800 Exception <a 'java/lang/NoSuchMethodError'{0x0000000089bf95e0}: 'void java.lang.invoke.DirectMethodHandle$Holder.invokeVirtual(java.lang.Object, java.lang.Object)'> (0x0000000089bf95e0) 
thrown [t:/workspace/open/src/hotspot/share/interpreter/linkResolver.cpp, line 767]

Events (20 events):
Event: 0.179 loading class jdk/internal/module/ModuleReferences$ExplodedModuleReader
Event: 0.179 loading class jdk/internal/module/ModuleReferences$ExplodedModuleReader done
Event: 0.179 loading class jdk/internal/module/ModulePatcher$PatchedModuleReader
Event: 0.180 loading class jdk/internal/module/ModulePatcher$PatchedModuleReader done
Event: 0.182 loading class javax/swing/JPanel
Event: 0.182 loading class javax/accessibility/Accessible
Event: 0.182 loading class javax/accessibility/Accessible done
Event: 0.182 loading class javax/swing/JComponent
Event: 0.183 loading class javax/swing/TransferHandler$HasGetTransferHandler
Event: 0.183 loading class javax/swing/TransferHandler$HasGetTransferHandler done
Event: 0.183 loading class java/awt/Container
Event: 0.184 loading class java/awt/Component
Event: 0.185 loading class java/awt/image/ImageObserver
Event: 0.185 loading class java/awt/image/ImageObserver done
Event: 0.185 loading class java/awt/MenuContainer
Event: 0.186 loading class java/awt/MenuContainer done
Event: 0.186 loading class java/awt/Component done
Event: 0.186 loading class java/awt/Container done
Event: 0.186 loading class javax/swing/JComponent done
Event: 0.186 loading class javax/swing/JPanel done


Dynamic libraries:
0x00007ff6c2cb0000 - 0x00007ff6c2cbf000 	C:\Program Files\Java\jdk-13.0.2\bin\javaw.exe
0x00007ffbf3ff0000 - 0x00007ffbf41e4000 	C:\WINDOWS\SYSTEM32\ntdll.dll
0x00007ffbf2460000 - 0x00007ffbf251d000 	C:\WINDOWS\System32\KERNEL32.DLL
0x00007ffbf1a50000 - 0x00007ffbf1d17000 	C:\WINDOWS\System32\KERNELBASE.dll
0x00007ffbeea00000 - 0x00007ffbeea90000 	C:\WINDOWS\SYSTEM32\apphelp.dll
0x00007ffbf1d20000 - 0x00007ffbf1e20000 	C:\WINDOWS\System32\ucrtbase.dll
0x00007ffbb93d0000 - 0x00007ffbb93e8000 	C:\Program Files\Java\jdk-13.0.2\bin\jli.dll
0x00007ffbb8db0000 - 0x00007ffbb8dc5000 	C:\Program Files\Java\jdk-13.0.2\bin\VCRUNTIME140.dll
0x00007ffbf26d0000 - 0x00007ffbf277a000 	C:\WINDOWS\System32\ADVAPI32.dll
0x00007ffbf33e0000 - 0x00007ffbf347e000 	C:\WINDOWS\System32\msvcrt.dll
0x00007ffbf2ec0000 - 0x00007ffbf2f5b000 	C:\WINDOWS\System32\sechost.dll
0x00007ffbf2590000 - 0x00007ffbf26b3000 	C:\WINDOWS\System32\RPCRT4.dll
0x00007ffbf3120000 - 0x00007ffbf32c0000 	C:\WINDOWS\System32\USER32.dll
0x00007ffbf18c0000 - 0x00007ffbf18e2000 	C:\WINDOWS\System32\win32u.dll
0x00007ffbf3f20000 - 0x00007ffbf3f4a000 	C:\WINDOWS\System32\GDI32.dll
0x00007ffbe0880000 - 0x00007ffbe0b1a000 	C:\WINDOWS\WinSxS\amd64_microsoft.windows.common-controls_6595b64144ccf1df_6.0.19041.1_none_b555e41d4684ddec\COMCTL32.dll
0x00007ffbf1730000 - 0x00007ffbf183a000 	C:\WINDOWS\System32\gdi32full.dll
0x00007ffbf1f50000 - 0x00007ffbf1fed000 	C:\WINDOWS\System32\msvcp_win.dll
0x00007ffbdf930000 - 0x00007ffbdf93a000 	C:\WINDOWS\SYSTEM32\VERSION.dll
0x00007ffbf3c00000 - 0x00007ffbf3c30000 	C:\WINDOWS\System32\IMM32.DLL
0x00007ffb8c590000 - 0x00007ffb8c62b000 	C:\Program Files\Java\jdk-13.0.2\bin\msvcp140.dll
0x00007ffb8a410000 - 0x00007ffb8af6d000 	C:\Program Files\Java\jdk-13.0.2\bin\server\jvm.dll
0x00007ffbf3110000 - 0x00007ffbf3118000 	C:\WINDOWS\System32\PSAPI.DLL
0x00007ffbe9a90000 - 0x00007ffbe9a99000 	C:\WINDOWS\SYSTEM32\WSOCK32.dll
0x00007ffbe0b20000 - 0x00007ffbe0b47000 	C:\WINDOWS\SYSTEM32\WINMM.dll
0x00007ffbf3e00000 - 0x00007ffbf3e6b000 	C:\WINDOWS\System32\WS2_32.dll
0x00007ffbef5e0000 - 0x00007ffbef5f3000 	C:\WINDOWS\SYSTEM32\kernel.appcore.dll
0x00007ffbdf910000 - 0x00007ffbdf920000 	C:\Program Files\Java\jdk-13.0.2\bin\verify.dll
0x00007ffbe0ed0000 - 0x00007ffbe10b4000 	C:\WINDOWS\SYSTEM32\DBGHELP.DLL
0x00007ffbdf8d0000 - 0x00007ffbdf8fc000 	C:\WINDOWS\SYSTEM32\dbgcore.DLL
0x00007ffbf1840000 - 0x00007ffbf18bf000 	C:\WINDOWS\System32\bcryptPrimitives.dll
0x00007ffbc0910000 - 0x00007ffbc0936000 	C:\Program Files\Java\jdk-13.0.2\bin\java.dll
0x00007ffbc08f0000 - 0x00007ffbc0907000 	C:\Program Files\Java\jdk-13.0.2\bin\zip.dll
0x00007ffbd5df0000 - 0x00007ffbd5dfa000 	C:\Program Files\Java\jdk-13.0.2\bin\jimage.dll
0x00007ffbf2780000 - 0x00007ffbf2eb1000 	C:\WINDOWS\System32\SHELL32.dll
0x00007ffbef8c0000 - 0x00007ffbf004a000 	C:\WINDOWS\SYSTEM32\windows.storage.dll
0x00007ffbf2050000 - 0x00007ffbf23a4000 	C:\WINDOWS\System32\combase.dll
0x00007ffbf11b0000 - 0x00007ffbf11db000 	C:\WINDOWS\SYSTEM32\Wldp.dll
0x00007ffbf3e70000 - 0x00007ffbf3f1e000 	C:\WINDOWS\System32\SHCORE.dll
0x00007ffbf3f50000 - 0x00007ffbf3fa5000 	C:\WINDOWS\System32\shlwapi.dll
0x00007ffbf1670000 - 0x00007ffbf168f000 	C:\WINDOWS\SYSTEM32\profapi.dll
0x00007ffbba760000 - 0x00007ffbba779000 	C:\Program Files\Java\jdk-13.0.2\bin\net.dll
0x00007ffbe3e40000 - 0x00007ffbe3f42000 	C:\WINDOWS\SYSTEM32\WINHTTP.dll
0x00007ffbf0f30000 - 0x00007ffbf0f9a000 	C:\WINDOWS\system32\mswsock.dll
0x00007ffbba740000 - 0x00007ffbba753000 	C:\Program Files\Java\jdk-13.0.2\bin\nio.dll
0x00007ffb8af80000 - 0x00007ffb8b119000 	C:\Program Files\Java\jdk-13.0.2\bin\awt.dll
0x00007ffbf3480000 - 0x00007ffbf3555000 	C:\WINDOWS\System32\OLEAUT32.dll

dbghelp: loaded successfully - version: 4.0.5 - missing functions: none
symbol engine: initialized successfully - sym options: 0x614 - pdb path: .;C:\Program Files\Java\jdk-13.0.2\bin;C:\WINDOWS\SYSTEM32;C:\WINDOWS\WinSxS\amd64_microsoft.windows.common-controls_6595b64144ccf1df_6.0.19041.1_none_b555e41d4684ddec;C:\Program Files\Java\jdk-13.0.2\bin\server

VM Arguments:
jvm_args: -Dfile.encoding=Cp1252 --module-path=C:\Users\wizag\eclipse-workspace\TEST\bin -Djdk.module.main=TEST 
java_command: TEST/TEST.Banking
java_class_path (initial): <not set>
Launcher Type: SUN_STANDARD

[Global flags]
     intx CICompilerCount                          = 3                                         {product} {ergonomic}
     uint ConcGCThreads                            = 1                                         {product} {ergonomic}
     uint G1ConcRefinementThreads                  = 4                                         {product} {ergonomic}
   size_t G1HeapRegionSize                         = 1048576                                   {product} {ergonomic}
    uintx GCDrainStackTargetSize                   = 64                                        {product} {ergonomic}
   size_t InitialHeapSize                          = 134217728                                 {product} {ergonomic}
   size_t MarkStackSize                            = 4194304                                   {product} {ergonomic}
   size_t MaxHeapSize                              = 2118123520                                {product} {ergonomic}
   size_t MaxNewSize                               = 1270874112                                {product} {ergonomic}
   size_t MinHeapDeltaBytes                        = 1048576                                   {product} {ergonomic}
   size_t MinHeapSize                              = 8388608                                   {product} {ergonomic}
    uintx NonNMethodCodeHeapSize                   = 5832780                                {pd product} {ergonomic}
    uintx NonProfiledCodeHeapSize                  = 122912730                              {pd product} {ergonomic}
    uintx ProfiledCodeHeapSize                     = 122912730                              {pd product} {ergonomic}
    uintx ReservedCodeCacheSize                    = 251658240                              {pd product} {ergonomic}
     bool SegmentedCodeCache                       = true                                      {product} {ergonomic}
   size_t SoftMaxHeapSize                          = 2118123520                             {manageable} {ergonomic}
     bool UseCompressedClassPointers               = true                                 {lp64_product} {ergonomic}
     bool UseCompressedOops                        = true                                 {lp64_product} {ergonomic}
     bool UseG1GC                                  = true                                      {product} {ergonomic}
     bool UseLargePagesIndividualAllocation        = false                                  {pd product} {ergonomic}

Logging:
Log output configuration:
 #0: stdout all=warning uptime,level,tags
 #1: stderr all=off uptime,level,tags

Environment Variables:
PATH=C:/Program Files/Java/jdk-13.0.2/bin/server;C:/Program Files/Java/jdk-13.0.2/bin;C:\WINDOWS\system32;C:\WINDOWS;C:\WINDOWS\System32\Wbem;C:\WINDOWS\System32\WindowsPowerShell\v1.0\;C:\WINDOWS\System32\OpenSSH\;C:\Program Files\Git\cmd;C:\Program Files (x86)\Bitvise SSH Client;C:\laragon\bin\php\php-7.2.19-Win32-VC15-x64;C:\composer;C:\Program Files\Microsoft SQL Server\Client SDK\ODBC\130\Tools\Binn\;C:\Program Files (x86)\Microsoft SQL Server\140\Tools\Binn\;C:\Program Files\Microsoft SQL Server\140\Tools\Binn\;C:\Program Files\Microsoft SQL Server\140\DTS\Binn\;C:\Program Files (x86)\Microsoft SQL Server\140\DTS\Binn\;C:\Program Files (x86)\Microsoft SQL Server\150\DTS\Binn\;C:\HashiCorp\Vagrant\bin;C:\laragon\bin;C:\laragon\bin\apache\httpd-2.4.35-win64-VC15\bin;C:\laragon\bin\composer;C:\laragon\bin\git\bin;C:\laragon\bin\git\cmd;C:\laragon\bin\git\mingw64\bin;C:\laragon\bin\git\usr\bin;C:\laragon\bin\laragon\utils;C:\laragon\bin\mysql\mysql-5.7.24-winx64\bin;C:\laragon\bin\nginx\nginx-1.16.0;C:\laragon\bin\ngrok;C:\laragon\bin\nodejs\node-v12;C:\laragon\bin\notepad++;C:\laragon\bin\php\php-7.2.19-Win32-VC15-x64;C:\laragon\bin\putty;C:\laragon\bin\redis\redis-x64-3.2.100;C:\laragon\bin\telnet;C:\laragon\usr\bin;C:\Users\wizag\AppData\Local\Yarn\config\global\node_modules\.bin;C:\Users\wizag\AppData\Roaming\Composer\vendor\bin;C:\Users\wizag\AppData\Roaming\npm;C:\Users\wizag\AppData\Local\Microsoft\WindowsApps;C:\Users\wizag\AppData\Local\Microsoft\WindowsApps;;C:\WINDOWS\system32;
USERNAME=wizag
OS=Windows_NT
PROCESSOR_IDENTIFIER=Intel64 Family 6 Model 58 Stepping 9, GenuineIntel



---------------  S Y S T E M  ---------------

OS: Windows 10 , 64 bit Build 19041 (10.0.19041.1)

CPU:total 4 (initial active 4) (2 cores per cpu, 2 threads per core) family 6 model 58 stepping 9, cmov, cx8, fxsr, mmx, sse, sse2, sse3, ssse3, sse4.1, sse4.2, popcnt, avx, aes, clmul, erms, ht, tsc, tscinvbit, tscinv

Memory: 4k page, system-wide physical 8075M (1228M free)
TotalPageFile size 19244M (AvailPageFile size 5M)
current process WorkingSet (physical memory assigned to process): 36M, peak: 36M
current process commit charge ("private bytes"): 207M, peak: 207M

vm_info: Java HotSpot(TM) 64-Bit Server VM (13.0.2+8) for windows-amd64 JRE (13.0.2+8), built on Dec 11 2019 09:20:33 by "mach5one" with unknown MS VC++:1916

END.
